M=16
cce_weight=0.5
bce_weight=1.0


snr=25.00
Epoch 1/50
1000/1000 - 9s - loss: -2.3264e+00 - mutual_info: 3.1272 - entropy: 3.9963 - ser: 0.1532 - ber_from_sym: 0.0762 - ber: 0.0501 - ser_from_bits: 0.9992

Epoch 00001: mutual_info improved from -inf to 3.12718, saving model to ./model/modOrder16/snr25.00
Epoch 2/50
1000/1000 - 7s - loss: -2.7716e+00 - mutual_info: 3.9982 - entropy: 4.0000 - ser: 0.0000e+00 - ber_from_sym: 0.0000e+00 - ber: 0.0000e+00 - ser_from_bits: 1.0000

Epoch 00002: mutual_info improved from 3.12718 to 3.99822, saving model to ./model/modOrder16/snr25.00
Epoch 3/50
1000/1000 - 7s - loss: -2.7724e+00 - mutual_info: 3.9996 - entropy: 4.0000 - ser: 0.0000e+00 - ber_from_sym: 0.0000e+00 - ber: 0.0000e+00 - ser_from_bits: 1.0000

Epoch 00003: mutual_info improved from 3.99822 to 3.99959, saving model to ./model/modOrder16/snr25.00
Epoch 4/50
1000/1000 - 7s - loss: -2.7725e+00 - mutual_info: 3.9999 - entropy: 4.0000 - ser: 0.0000e+00 - ber_from_sym: 0.0000e+00 - ber: 0.0000e+00 - ser_from_bits: 1.0000

Epoch 00004: mutual_info improved from 3.99959 to 3.99988, saving model to ./model/modOrder16/snr25.00
Epoch 5/50
1000/1000 - 7s - loss: -2.7725e+00 - mutual_info: 4.0000 - entropy: 4.0000 - ser: 0.0000e+00 - ber_from_sym: 0.0000e+00 - ber: 0.0000e+00 - ser_from_bits: 1.0000

Epoch 00005: mutual_info improved from 3.99988 to 3.99997, saving model to ./model/modOrder16/snr25.00
Epoch 6/50
1000/1000 - 7s - loss: -2.7725e+00 - mutual_info: 4.0000 - entropy: 4.0000 - ser: 0.0000e+00 - ber_from_sym: 0.0000e+00 - ber: 0.0000e+00 - ser_from_bits: 1.0000

Epoch 00006: mutual_info improved from 3.99997 to 3.99999, saving model to ./model/modOrder16/snr25.00
Epoch 7/50
1000/1000 - 7s - loss: -2.7724e+00 - mutual_info: 3.9999 - entropy: 4.0000 - ser: 1.8667e-05 - ber_from_sym: 5.0000e-06 - ber: 1.8833e-05 - ser_from_bits: 1.0000

Epoch 00007: mutual_info did not improve from 3.99999
Epoch 8/50
1000/1000 - 7s - loss: -2.7725e+00 - mutual_info: 4.0000 - entropy: 4.0000 - ser: 0.0000e+00 - ber_from_sym: 0.0000e+00 - ber: 0.0000e+00 - ser_from_bits: 1.0000

Epoch 00008: mutual_info improved from 3.99999 to 3.99999, saving model to ./model/modOrder16/snr25.00
Epoch 9/50
1000/1000 - 7s - loss: -2.7726e+00 - mutual_info: 4.0000 - entropy: 4.0000 - ser: 0.0000e+00 - ber_from_sym: 0.0000e+00 - ber: 0.0000e+00 - ser_from_bits: 1.0000

Epoch 00009: mutual_info improved from 3.99999 to 4.00000, saving model to ./model/modOrder16/snr25.00
Epoch 10/50
1000/1000 - 7s - loss: -2.7726e+00 - mutual_info: 4.0000 - entropy: 4.0000 - ser: 0.0000e+00 - ber_from_sym: 0.0000e+00 - ber: 0.0000e+00 - ser_from_bits: 1.0000

Epoch 00010: mutual_info did not improve from 4.00000
Epoch 11/50
1000/1000 - 7s - loss: -2.7726e+00 - mutual_info: 4.0000 - entropy: 4.0000 - ser: 0.0000e+00 - ber_from_sym: 0.0000e+00 - ber: 0.0000e+00 - ser_from_bits: 1.0000

Epoch 00011: mutual_info improved from 4.00000 to 4.00000, saving model to ./model/modOrder16/snr25.00
Epoch 12/50
1000/1000 - 7s - loss: -2.7726e+00 - mutual_info: 4.0000 - entropy: 4.0000 - ser: 0.0000e+00 - ber_from_sym: 0.0000e+00 - ber: 0.0000e+00 - ser_from_bits: 1.0000

Epoch 00012: mutual_info did not improve from 4.00000
Epoch 13/50
1000/1000 - 7s - loss: -2.7726e+00 - mutual_info: 4.0000 - entropy: 4.0000 - ser: 0.0000e+00 - ber_from_sym: 0.0000e+00 - ber: 0.0000e+00 - ser_from_bits: 1.0000

Epoch 00013: mutual_info did not improve from 4.00000
Epoch 14/50
1000/1000 - 7s - loss: -2.7726e+00 - mutual_info: 4.0000 - entropy: 4.0000 - ser: 0.0000e+00 - ber_from_sym: 0.0000e+00 - ber: 0.0000e+00 - ser_from_bits: 1.0000

Epoch 00014: mutual_info did not improve from 4.00000
Epoch 00014: early stopping
run time: 0:02:16.539872
